[INFO] Applied quirks (see `speechbrain.utils.quirks`): [disable_jit_profiling, allow_tf32]
[INFO] Excluded quirks specified by the `SB_DISABLE_QUIRKS` environment (comma-separated list): []
[INFO] Fetch hyperparams.yaml: Using symlink found at '/Users/shresthchauhan/Documents/Projects/Hachathon/hacksagon/VoiceVault/backend/backend/models/spkrec-ecapa-voxceleb/hyperparams.yaml'
[INFO] Fetch embedding_model.ckpt: Using symlink found at '/Users/shresthchauhan/Documents/Projects/Hachathon/hacksagon/VoiceVault/backend/backend/models/spkrec-ecapa-voxceleb/embedding_model.ckpt'
[INFO] Fetch mean_var_norm_emb.ckpt: Using symlink found at '/Users/shresthchauhan/Documents/Projects/Hachathon/hacksagon/VoiceVault/backend/backend/models/spkrec-ecapa-voxceleb/mean_var_norm_emb.ckpt'
[INFO] Fetch classifier.ckpt: Using symlink found at '/Users/shresthchauhan/Documents/Projects/Hachathon/hacksagon/VoiceVault/backend/backend/models/spkrec-ecapa-voxceleb/classifier.ckpt'
[INFO] Fetch label_encoder.txt: Using symlink found at '/Users/shresthchauhan/Documents/Projects/Hachathon/hacksagon/VoiceVault/backend/backend/models/spkrec-ecapa-voxceleb/label_encoder.ckpt'
[INFO] Loading pretrained files for: embedding_model, mean_var_norm_emb, classifier, label_encoder

╔══════════════════════════════════════════════════════════════════╗
║                     VoiceVault API Server                        ║
╠══════════════════════════════════════════════════════════════════╣
║  Port: 5001                                                     ║
║  Mock Mode: False                                               ║
║  Version: 2.0                                                    ║
╚══════════════════════════════════════════════════════════════════╝

Test commands:

# Health check
curl http://localhost:5001/api/health

# Register voice
curl -X POST http://localhost:5001/api/register \
  -F "audio=@test.wav"

# Verify voice
curl -X POST http://localhost:5001/api/verify \
  -F "audio=@test.wav" \
  -F "helper_string=<helper>" \
  -F "commitment=<commitment>" \
  -F "salt=<salt>"

# Forensic analysis
curl -X POST http://localhost:5001/api/forensic \
  -F "audio=@test.wav" \
  -F "target_helper=<helper>" \
  -F "target_commitment=<commitment>" \
  -F "target_salt=<salt>"

# Detect clone
curl -X POST http://localhost:5001/api/detect_clone \
  -F "audio=@test.wav" \
  -F 'registered_profiles=[{"address":"0x123","helper_string":"...","commitment":"...","salt":"..."}]'

# Challenge response
curl -X POST http://localhost:5001/api/challenge \
  -F "audio=@test.wav" \
  -F "challenge_text=verify my identity now"



⏳ Loading AI models (this may take 30-60 seconds on first run)...
[EMBEDDER] Starting model load: speechbrain/spkrec-ecapa-voxceleb
[EMBEDDER] Cache directory: ./backend/models
[EMBEDDER] Device: cpu
[EMBEDDER] Model loaded successfully!
[EMBEDDER] Running self-test...
[EMBEDDER] Self-test PASSED: embedding shape = (192,)
✅ AI models loaded successfully!
   - Embedder model: True
 * Serving Flask app 'app'
 * Debug mode: off
[INFO] [31m[1mWARNING: This is a development server. Do not use it in a production deployment. Use a production WSGI server instead.[0m
 * Running on all addresses (0.0.0.0)
 * Running on http://127.0.0.1:5001
 * Running on http://172.19.12.225:5001
[INFO] [33mPress CTRL+C to quit[0m
[INFO] 127.0.0.1 - - [04/Apr/2026 17:57:13] "GET /api/health HTTP/1.1" 200 -
[INFO] 127.0.0.1 - - [04/Apr/2026 17:57:14] "GET /api/health HTTP/1.1" 200 -
[INFO] [REGISTER] Created session 5f3e3820... for address 0xTEST
[INFO] [PRIVACY] Audio buffer cleared from RAM
[INFO] 127.0.0.1 - - [04/Apr/2026 17:57:32] "POST /api/register HTTP/1.1" 200 -
[INFO] [VERIFY] New embedding shape: (192,), norm: 1.0000
[INFO] [VERIFY] Cosine similarity with session 5f3e3820... (after 0.90x): 0.3846
[INFO] [VERIFY] Fuzzy verify result: False
[INFO] [VERIFY] Hamming match score: 0.6042
[INFO] [DEEPFAKE] Audio loaded: 80248 samples, 16000Hz
[INFO] [LIVENESS] computed=0.637
[INFO] [ARTIFACT] computed=0.054
[INFO] [LIVENESS] final=0.637 artifact=0.054
[INFO] [VERIFY] Liveness: 0.6375, Artifact: 0.0540
[INFO] [VERIFY] Score: base=38.5 + liveness_bonus=12.8 - artifact_penalty=2.2 + fuzzy_bonus=0 = 49.1
[INFO] [PRIVACY] Audio buffer cleared from RAM
[INFO] 127.0.0.1 - - [04/Apr/2026 17:57:32] "POST /api/verify HTTP/1.1" 200 -
[INFO] [VERIFY] New embedding shape: (192,), norm: 1.0000
[INFO] [VERIFY] Cosine similarity with session 5f3e3820... (after 0.90x): 0.2269
[INFO] [VERIFY] Fuzzy verify result: False
[INFO] [VERIFY] Hamming match score: 0.5677
[INFO] [DEEPFAKE] Audio loaded: 83806 samples, 16000Hz
[INFO] [LIVENESS] computed=0.637
[INFO] [ARTIFACT] computed=0.198
[INFO] [LIVENESS] final=0.637 artifact=0.198
[INFO] [VERIFY] Liveness: 0.6375, Artifact: 0.1979
[WARNING] [VERIFY] HARD GATE: Cosine 0.2269 < 0.32 → REJECTED
[INFO] [PRIVACY] Audio buffer cleared from RAM
[INFO] 127.0.0.1 - - [04/Apr/2026 17:57:33] "POST /api/verify HTTP/1.1" 200 -
[INFO] [VERIFY] New embedding shape: (192,), norm: 1.0000
[INFO] [VERIFY] Cosine similarity with session 5f3e3820... (after 0.90x): 0.4624
[INFO] [VERIFY] Fuzzy verify result: False
[INFO] [VERIFY] Hamming match score: 0.7031
[INFO] [DEEPFAKE] Audio loaded: 150837 samples, 16000Hz
[INFO] [LIVENESS] computed=0.637
[INFO] [ARTIFACT] computed=0.350
[INFO] [LIVENESS] final=0.637 artifact=0.350
[INFO] [VERIFY] Liveness: 0.6375, Artifact: 0.3505
[WARNING] [VERIFY] CLONE GATE: Cosine 0.4624 > 0.40 AND artifact 0.3505 > 0.30 → DEEPFAKE
[INFO] [PRIVACY] Audio buffer cleared from RAM
[INFO] 127.0.0.1 - - [04/Apr/2026 17:57:33] "POST /api/verify HTTP/1.1" 200 -
[INFO] [VERIFY] New embedding shape: (192,), norm: 1.0000
[INFO] [VERIFY] Cosine similarity with session 5f3e3820... (after 0.90x): 0.9000
[INFO] [VERIFY] Fuzzy verify result: True
[INFO] [VERIFY] Hamming match score: 1.0000
[INFO] [DEEPFAKE] Audio loaded: 71006 samples, 16000Hz
[INFO] [LIVENESS] computed=0.637
[INFO] [ARTIFACT] computed=0.255
[INFO] [LIVENESS] final=0.637 artifact=0.255
[INFO] [VERIFY] Liveness: 0.6375, Artifact: 0.2553
[INFO] [VERIFY] Score: base=90.0 + liveness_bonus=12.8 - artifact_penalty=10.2 + fuzzy_bonus=10 = 100.0
[INFO] [PRIVACY] Audio buffer cleared from RAM
[INFO] 127.0.0.1 - - [04/Apr/2026 17:57:33] "POST /api/verify HTTP/1.1" 200 -
[INFO] 127.0.0.1 - - [04/Apr/2026 17:58:13] "GET /api/health HTTP/1.1" 200 -
[INFO] 127.0.0.1 - - [04/Apr/2026 17:59:13] "GET /api/health HTTP/1.1" 200 -
